<?xml version="1.0" encoding="UTF-8"?>
<!-- Generated by org.testng.reporters.JUnitReportReporter -->
<testsuite hostname="DESKTOP-E9Q4G78" failures="0" tests="2" name="com.NGxml.Test_Class2" time="71.617" errors="0" timestamp="2024-12-19T17:50:24 IST" skipped="0">
  <testcase classname="com.NGxml.Test_Class2" name="KTIGWebMousehover" time="30.860"/>
  <testcase classname="com.NGxml.Test_Class2" name="imagePresent" time="40.757"/>
</testsuite> <!-- com.NGxml.Test_Class2 -->
