<?xml version="1.0" encoding="UTF-8"?>
<!-- Generated by org.testng.reporters.JUnitReportReporter -->
<testsuite hostname="DESKTOP-E9Q4G78" failures="0" tests="1" name="com.NGxml.Test_Class1" time="35.700" errors="0" timestamp="2024-12-21T12:31:50 IST" skipped="0">
  <testcase classname="com.NGxml.Test_Class1" name="Textknown" time="35.700"/>
</testsuite> <!-- com.NGxml.Test_Class1 -->
