<?xml version="1.0" encoding="UTF-8"?>
<!-- Generated by org.testng.reporters.JUnitReportReporter -->
<testsuite hostname="DESKTOP-E9Q4G78" failures="0" tests="1" name="com.NGxml.Test_Class3" time="191.068" errors="0" timestamp="2024-12-19T17:50:24 IST" skipped="0">
  <testcase classname="com.NGxml.Test_Class3" name="imagePresentHome" time="191.068"/>
</testsuite> <!-- com.NGxml.Test_Class3 -->
